visualModel/build/intermediates/manifest_merge_blame_file/debug/processDebugMainManifest/manifest-merger-blame-debug-report.txt
1<?xml version="1.0" encoding="utf-8"?>
2<manifest xmlns:android="http://schemas.android.com/apk/res/android"
3    package="com.bin4rybros.demo"
4    android:versionCode="1"
5    android:versionName="1.0" >
6
7    <uses-sdk
8        android:minSdkVersion="21"
9        android:targetSdkVersion="34" />
10
11    <uses-feature
11-->src\main\AndroidManifest.xml:4:5-6:35
12        android:glEsVersion="0x00020000"
12-->src\main\AndroidManifest.xml:5:9-41
13        android:required="true" />
13-->src\main\AndroidManifest.xml:6:9-32
14
15    <uses-permission android:name="android.permission.MANAGE_EXTERNAL_STORAGE" />
15-->src\main\AndroidManifest.xml:8:5-81
15-->src\main\AndroidManifest.xml:8:22-79
16    <uses-permission android:name="android.permission.READ_EXTERNAL_STORAGE" />
16-->src\main\AndroidManifest.xml:9:5-79
16-->src\main\AndroidManifest.xml:9:22-77
17    <uses-permission android:name="android.permission.WRITE_EXTERNAL_STORAGE" />
17-->src\main\AndroidManifest.xml:10:5-81
17-->src\main\AndroidManifest.xml:10:22-78
18    <uses-permission android:name="android.permission.INTERNET" />
18-->src\main\AndroidManifest.xml:12:5-67
18-->src\main\AndroidManifest.xml:12:22-64
19    <uses-permission android:name="android.permission.RECORD_AUDIO" />
19-->[com.microsoft.cognitiveservices.speech:client-sdk:1.35.0] AndroidManifest.xml:11:5-71
19-->[com.microsoft.cognitiveservices.speech:client-sdk:1.35.0] AndroidManifest.xml:11:22-68
20
21    <application
21-->src\main\AndroidManifest.xml:14:5-36:19
22        android:allowBackup="true"
22-->src\main\AndroidManifest.xml:15:9-35
23        android:appComponentFactory="androidx.core.app.CoreComponentFactory"
23-->[androidx.core:core:1.5.0] AndroidManifest.xml:24:18-86
24        android:debuggable="true"
25        android:extractNativeLibs="true"
26        android:icon="@mipmap/ic_launcher"
26-->src\main\AndroidManifest.xml:16:9-43
27        android:label="@string/app_name"
27-->src\main\AndroidManifest.xml:17:9-41
28        android:roundIcon="@mipmap/ic_launcher_round"
28-->src\main\AndroidManifest.xml:18:9-54
29        android:supportsRtl="true"
29-->src\main\AndroidManifest.xml:19:9-35
30        android:testOnly="true"
31        android:theme="@android:style/Theme.NoTitleBar" >
31-->src\main\AndroidManifest.xml:20:9-56
32        <activity
32-->src\main\AndroidManifest.xml:21:9-23:40
33            android:name="com.bin4rybros.demo.TryMain"
33-->src\main\AndroidManifest.xml:22:13-36
34            android:exported="false" />
34-->src\main\AndroidManifest.xml:23:13-37
35        <activity
35-->src\main\AndroidManifest.xml:24:9-35:20
36            android:name="com.bin4rybros.demo.MainActivity"
36-->src\main\AndroidManifest.xml:25:13-41
37            android:configChanges="screenSize"
37-->src\main\AndroidManifest.xml:26:13-47
38            android:exported="true"
38-->src\main\AndroidManifest.xml:27:13-36
39            android:screenOrientation="unspecified"
39-->src\main\AndroidManifest.xml:28:13-52
40            android:windowSoftInputMode="adjustResize" >
40-->src\main\AndroidManifest.xml:29:13-55
41            <intent-filter>
41-->src\main\AndroidManifest.xml:30:13-34:29
42                <action android:name="android.intent.action.MAIN" />
42-->src\main\AndroidManifest.xml:31:17-69
42-->src\main\AndroidManifest.xml:31:25-66
43
44                <category android:name="android.intent.category.LAUNCHER" />
44-->src\main\AndroidManifest.xml:33:17-77
44-->src\main\AndroidManifest.xml:33:27-74
45            </intent-filter>
46        </activity>
47    </application>
48
49</manifest>